TN:
SF:src\AgentWorker.ts
FN:12,(anonymous_1)
FN:24,(anonymous_2)
FN:38,(anonymous_3)
FNF:3
FNH:3
FNDA:55,(anonymous_1)
FNDA:16,(anonymous_2)
FNDA:1,(anonymous_3)
DA:1,4
DA:6,4
DA:13,55
DA:14,55
DA:15,55
DA:16,55
DA:25,16
DA:26,16
DA:28,16
DA:29,16
DA:35,16
DA:36,16
DA:37,2
DA:38,2
DA:49,16
DA:56,15
DA:57,15
DA:59,15
DA:60,3
DA:61,3
DA:63,3
DA:64,3
DA:65,3
DA:66,3
DA:68,3
DA:69,3
DA:70,2
DA:71,2
DA:73,1
DA:76,3
DA:83,3
DA:90,15
DA:99,1
LF:33
LH:33
BRDA:25,0,0,16
BRDA:25,0,1,15
BRDA:36,1,0,2
BRDA:36,1,1,14
BRDA:59,2,0,18
BRDA:59,2,1,3
BRDA:59,2,2,3
BRDA:69,3,0,2
BRDA:69,3,1,1
BRDA:71,4,0,2
BRDA:71,4,1,1
BRF:11
BRH:11
end_of_record
TN:
SF:src\CompanyOrchestrator.ts
FN:18,(anonymous_0)
FN:26,(anonymous_1)
FN:112,(anonymous_2)
FN:120,(anonymous_3)
FN:124,(anonymous_4)
FN:131,(anonymous_5)
FN:136,(anonymous_6)
FN:166,(anonymous_7)
FNF:8
FNH:8
FNDA:9,(anonymous_0)
FNDA:9,(anonymous_1)
FNDA:66,(anonymous_2)
FNDA:22,(anonymous_3)
FNDA:2,(anonymous_4)
FNDA:3,(anonymous_5)
FNDA:7,(anonymous_6)
FNDA:3,(anonymous_7)
DA:2,3
DA:3,3
DA:4,3
DA:13,3
DA:14,9
DA:19,9
DA:20,9
DA:21,1
DA:23,9
DA:27,9
DA:108,9
DA:111,9
DA:112,66
DA:115,9
DA:116,50
DA:121,22
DA:125,2
DA:134,3
DA:136,3
DA:137,7
DA:138,7
DA:139,1
DA:149,6
DA:150,6
DA:151,6
DA:152,6
DA:155,3
DA:167,3
DA:168,3
DA:171,3
DA:172,3
DA:173,1
DA:174,1
DA:175,1
DA:176,1
DA:180,3
DA:181,3
DA:182,1
DA:183,1
DA:184,1
DA:185,1
DA:186,1
DA:190,3
DA:191,3
DA:202,3
DA:203,3
DA:204,3
DA:205,3
DA:208,3
DA:209,3
DA:210,1
DA:211,1
DA:212,1
DA:213,1
DA:214,1
DA:218,3
DA:219,3
DA:220,1
DA:221,1
DA:222,1
DA:223,1
DA:224,1
DA:227,3
DA:228,3
LF:64
LH:64
BRDA:20,0,0,1
BRDA:20,0,1,8
BRDA:108,1,0,9
BRDA:108,1,1,8
BRDA:111,2,0,6
BRDA:111,2,1,3
BRDA:111,3,0,9
BRDA:111,3,1,6
BRDA:138,4,0,1
BRDA:138,4,1,6
BRDA:172,5,0,1
BRDA:172,5,1,2
BRDA:181,6,0,1
BRDA:181,6,1,2
BRDA:203,7,0,3
BRDA:203,7,1,1
BRDA:204,8,0,3
BRDA:204,8,1,1
BRDA:209,9,0,1
BRDA:209,9,1,2
BRDA:219,10,0,1
BRDA:219,10,1,2
BRF:22
BRH:22
end_of_record
TN:
SF:src\McpClientManager.ts
FN:16,(anonymous_9)
FN:20,(anonymous_10)
FN:43,(anonymous_11)
FN:49,(anonymous_12)
FN:56,(anonymous_13)
FN:75,(anonymous_14)
FNF:6
FNH:6
FNDA:6,(anonymous_9)
FNDA:6,(anonymous_10)
FNDA:2,(anonymous_11)
FNDA:28,(anonymous_12)
FNDA:5,(anonymous_13)
FNDA:6,(anonymous_14)
DA:1,5
DA:2,5
DA:3,5
DA:11,5
DA:12,6
DA:13,6
DA:17,6
DA:21,6
DA:24,5
DA:29,5
DA:39,5
DA:40,5
DA:44,2
DA:45,1
DA:48,2
DA:49,28
DA:57,5
DA:58,1
DA:61,5
DA:62,5
DA:66,4
DA:68,1
DA:76,6
DA:77,5
DA:78,5
DA:79,5
LF:26
LH:26
BRDA:17,0,0,6
BRDA:17,0,1,1
BRDA:21,1,0,1
BRDA:21,1,1,5
BRDA:44,2,0,1
BRDA:44,2,1,1
BRDA:57,3,0,1
BRDA:57,3,1,4
BRDA:76,4,0,5
BRDA:76,4,1,1
BRF:10
BRH:10
end_of_record
TN:
SF:src\SkillRegistry.ts
FN:7,(anonymous_9)
FN:27,(anonymous_10)
FN:44,(anonymous_11)
FN:45,(anonymous_12)
FNF:4
FNH:4
FNDA:19,(anonymous_9)
FNDA:75,(anonymous_10)
FNDA:56,(anonymous_11)
FNDA:71,(anonymous_12)
DA:1,5
DA:2,5
DA:4,5
DA:8,19
DA:10,19
DA:11,3
DA:12,3
DA:15,16
DA:16,16
DA:18,16
DA:19,13
DA:20,3
DA:21,1
DA:23,2
DA:28,75
DA:29,1
DA:32,74
DA:33,74
DA:34,6
DA:37,68
DA:38,68
DA:40,1
DA:45,56
DA:46,71
DA:47,71
DA:50,56
LF:26
LH:26
BRDA:8,0,0,3
BRDA:8,0,1,16
BRDA:10,1,0,3
BRDA:10,1,1,16
BRDA:10,2,0,19
BRDA:10,2,1,5
BRDA:16,3,0,16
BRDA:16,3,1,1
BRDA:18,4,0,13
BRDA:18,4,1,3
BRDA:20,5,0,1
BRDA:20,5,1,2
BRDA:28,6,0,1
BRDA:28,6,1,74
BRDA:33,7,0,6
BRDA:33,7,1,68
BRF:16
BRH:16
end_of_record
TN:
SF:src\index.ts
FNF:0
FNH:0
DA:1,1
DA:2,1
DA:3,1
DA:4,1
DA:5,1
LF:5
LH:5
BRF:0
BRH:0
end_of_record
