TN:
SF:src\AgentWorker.ts
FN:14,(anonymous_1)
FN:36,(anonymous_2)
FN:52,(anonymous_3)
FN:59,(anonymous_4)
FN:71,(anonymous_5)
FN:104,(anonymous_6)
FN:115,(anonymous_7)
FNF:7
FNH:7
FNDA:72,(anonymous_1)
FNDA:15,(anonymous_2)
FNDA:2,(anonymous_3)
FNDA:22,(anonymous_4)
FNDA:6,(anonymous_5)
FNDA:16,(anonymous_6)
FNDA:1,(anonymous_7)
DA:1,4
DA:2,4
DA:7,4
DA:20,72
DA:21,72
DA:22,72
DA:23,72
DA:24,72
DA:37,15
DA:38,1
DA:39,14
DA:40,13
DA:43,15
DA:44,13
DA:46,15
DA:53,2
DA:54,2
DA:55,1
DA:60,22
DA:61,22
DA:62,22
DA:64,22
DA:65,6
DA:68,16
DA:72,6
DA:73,6
DA:74,6
DA:76,6
DA:84,3
DA:93,3
DA:105,16
DA:106,16
DA:112,16
DA:113,16
DA:114,2
DA:115,2
DA:126,16
DA:133,15
DA:134,15
DA:136,15
DA:137,3
DA:138,3
DA:140,3
DA:141,3
DA:142,3
DA:143,3
DA:145,3
DA:146,3
DA:147,2
DA:148,2
DA:150,1
DA:153,3
DA:160,3
DA:167,15
DA:176,1
LF:55
LH:55
BRDA:37,0,0,1
BRDA:37,0,1,14
BRDA:39,1,0,13
BRDA:39,1,1,1
BRDA:43,2,0,13
BRDA:43,2,1,2
BRDA:54,3,0,1
BRDA:54,3,1,1
BRDA:60,4,0,22
BRDA:60,4,1,16
BRDA:61,5,0,22
BRDA:61,5,1,21
BRDA:64,6,0,6
BRDA:64,6,1,16
BRDA:74,7,0,6
BRDA:74,7,1,2
BRDA:74,8,0,1
BRDA:74,8,1,1
BRDA:89,9,0,3
BRDA:89,9,1,1
BRDA:113,10,0,2
BRDA:113,10,1,14
BRDA:136,11,0,18
BRDA:136,11,1,3
BRDA:136,11,2,3
BRDA:146,12,0,2
BRDA:146,12,1,1
BRDA:148,13,0,2
BRDA:148,13,1,1
BRF:29
BRH:29
end_of_record
TN:
SF:src\CompanyOrchestrator.ts
FN:18,(anonymous_0)
FN:26,(anonymous_1)
FN:112,(anonymous_2)
FN:120,(anonymous_3)
FN:124,(anonymous_4)
FN:131,(anonymous_5)
FN:141,(anonymous_6)
FN:150,(anonymous_7)
FN:155,(anonymous_8)
FN:185,(anonymous_9)
FNF:10
FNH:10
FNDA:10,(anonymous_0)
FNDA:10,(anonymous_1)
FNDA:66,(anonymous_2)
FNDA:48,(anonymous_3)
FNDA:3,(anonymous_4)
FNDA:2,(anonymous_5)
FNDA:1,(anonymous_6)
FNDA:3,(anonymous_7)
FNDA:7,(anonymous_8)
FNDA:3,(anonymous_9)
DA:2,3
DA:3,3
DA:4,3
DA:13,3
DA:14,10
DA:19,10
DA:20,10
DA:21,1
DA:23,10
DA:27,10
DA:108,10
DA:111,10
DA:112,66
DA:115,10
DA:116,61
DA:121,48
DA:125,3
DA:132,2
DA:133,2
DA:134,1
DA:135,1
DA:142,1
DA:143,11
DA:153,3
DA:155,3
DA:156,7
DA:157,7
DA:158,1
DA:168,6
DA:169,6
DA:170,6
DA:171,6
DA:174,3
DA:189,3
DA:190,3
DA:193,3
DA:194,3
DA:195,1
DA:196,1
DA:197,1
DA:198,1
DA:202,3
DA:203,3
DA:204,1
DA:205,1
DA:206,1
DA:207,1
DA:208,1
DA:212,3
DA:213,3
DA:224,3
DA:225,3
DA:226,3
DA:227,3
DA:230,3
DA:231,3
DA:232,1
DA:233,1
DA:234,1
DA:235,1
DA:236,1
DA:240,3
DA:241,3
DA:242,1
DA:243,1
DA:244,1
DA:245,1
DA:246,1
DA:249,3
DA:250,3
LF:70
LH:70
BRDA:20,0,0,1
BRDA:20,0,1,9
BRDA:108,1,0,10
BRDA:108,1,1,9
BRDA:111,2,0,6
BRDA:111,2,1,4
BRDA:111,3,0,10
BRDA:111,3,1,6
BRDA:133,4,0,1
BRDA:133,4,1,1
BRDA:157,5,0,1
BRDA:157,5,1,6
BRDA:187,6,0,3
BRDA:194,7,0,1
BRDA:194,7,1,2
BRDA:203,8,0,1
BRDA:203,8,1,2
BRDA:225,9,0,3
BRDA:225,9,1,1
BRDA:226,10,0,3
BRDA:226,10,1,1
BRDA:231,11,0,1
BRDA:231,11,1,2
BRDA:241,12,0,1
BRDA:241,12,1,2
BRF:25
BRH:25
end_of_record
TN:
SF:src\McpClientManager.ts
FN:16,(anonymous_9)
FN:20,(anonymous_10)
FN:43,(anonymous_11)
FN:49,(anonymous_12)
FN:56,(anonymous_13)
FN:75,(anonymous_14)
FNF:6
FNH:6
FNDA:6,(anonymous_9)
FNDA:6,(anonymous_10)
FNDA:2,(anonymous_11)
FNDA:28,(anonymous_12)
FNDA:5,(anonymous_13)
FNDA:6,(anonymous_14)
DA:1,5
DA:2,5
DA:3,5
DA:11,5
DA:12,6
DA:13,6
DA:17,6
DA:21,6
DA:24,5
DA:29,5
DA:39,5
DA:40,5
DA:44,2
DA:45,1
DA:48,2
DA:49,28
DA:57,5
DA:58,1
DA:61,5
DA:62,5
DA:66,4
DA:68,1
DA:76,6
DA:77,5
DA:78,5
DA:79,5
LF:26
LH:26
BRDA:17,0,0,6
BRDA:17,0,1,1
BRDA:21,1,0,1
BRDA:21,1,1,5
BRDA:44,2,0,1
BRDA:44,2,1,1
BRDA:57,3,0,1
BRDA:57,3,1,4
BRDA:76,4,0,5
BRDA:76,4,1,1
BRF:10
BRH:10
end_of_record
TN:
SF:src\SkillRegistry.ts
FN:7,(anonymous_9)
FN:27,(anonymous_10)
FN:44,(anonymous_11)
FN:45,(anonymous_12)
FNF:4
FNH:4
FNDA:20,(anonymous_9)
FNDA:90,(anonymous_10)
FNDA:73,(anonymous_11)
FNDA:86,(anonymous_12)
DA:1,5
DA:2,5
DA:4,5
DA:8,20
DA:10,20
DA:11,3
DA:12,3
DA:15,17
DA:16,17
DA:18,17
DA:19,14
DA:20,3
DA:21,1
DA:23,2
DA:28,90
DA:29,1
DA:32,89
DA:33,89
DA:34,7
DA:37,82
DA:38,82
DA:40,1
DA:45,73
DA:46,86
DA:47,86
DA:50,73
LF:26
LH:26
BRDA:8,0,0,3
BRDA:8,0,1,17
BRDA:10,1,0,3
BRDA:10,1,1,17
BRDA:10,2,0,20
BRDA:10,2,1,5
BRDA:16,3,0,17
BRDA:16,3,1,1
BRDA:18,4,0,14
BRDA:18,4,1,3
BRDA:20,5,0,1
BRDA:20,5,1,2
BRDA:28,6,0,1
BRDA:28,6,1,89
BRDA:33,7,0,7
BRDA:33,7,1,82
BRF:16
BRH:16
end_of_record
TN:
SF:src\index.ts
FNF:0
FNH:0
DA:1,1
DA:2,1
DA:3,1
DA:4,1
DA:5,1
LF:5
LH:5
BRF:0
BRH:0
end_of_record
